<?xml version="1.0" encoding="UTF-8"?>
<!-- Generated by org.testng.reporters.JUnitReportReporter -->
<testsuite hostname="MSI" failures="0" tests="1" name="testCases.GetAllAccounts" time="3.858" errors="0" timestamp="10 Mar 2024 16:24:40 GMT" skipped="0">
  <testcase classname="testCases.GetAllAccounts" name="getAllAccounts" time="3.858"/>
</testsuite> <!-- testCases.GetAllAccounts -->
