<?xml version="1.0" encoding="UTF-8"?>
<!-- Generated by org.testng.reporters.JUnitReportReporter -->
<testsuite hostname="MSI" failures="0" tests="1" name="testCases.Authentication" time="2.700" errors="0" timestamp="10 Mar 2024 15:32:58 GMT" skipped="0">
  <testcase classname="testCases.Authentication" name="generateBearerToken" time="2.700"/>
</testsuite> <!-- testCases.Authentication -->
